Set Up Process is Started..
Validating Buy Button
Tear Down Process is started..
Set Up Process is Started..
Validating Chart Button
Tear Down Process is started..
Set Up Process is Started..
Validating Market Depth Button
Tear Down Process is started..
Set Up Process is Started..
Validating Search Box Textfield
Tear Down Process is started..
Set Up Process is Started..
Validating Sell Button
Tear Down Process is started..
Set Up Process is Started..
Validate Stocklist..
Tear Down Process is started..
Set Up Process is Started..
Validating Buy Button
Tear Down Process is started..
Set Up Process is Started..
Set Up Process is Started..
Validating Buy Button
Tear Down Process is started..
Set Up Process is Started..
Validating Chart Button
Tear Down Process is started..
Set Up Process is Started..
Validating Market Depth Button
Tear Down Process is started..
Set Up Process is Started..
Validating Search Box Textfield
Tear Down Process is started..
Set Up Process is Started..
Validating Sell Button
Tear Down Process is started..
Set Up Process is Started..
Validate Stocklist..
Tear Down Process is started..
